# JRE version: Java(TM) SE Runtime Environment (8.0_91-b14) (build 1.8.0_91-b14)
# Java VM: Java HotSpot(TM) 64-Bit Server VM (25.91-b14 mixed mode windows-amd64 compressed oops)
Heap:
 PSYoungGen      total 265216K, used 255356K [0x00000000d5c00000, 0x00000000ea800000, 0x0000000100000000)
  eden space 227840K, 95% used [0x00000000d5c00000,0x00000000e30e2088,0x00000000e3a80000)
  from space 37376K, 99% used [0x00000000e6a80000,0x00000000e8efd2e8,0x00000000e8f00000)
  to   space 49152K, 0% used [0x00000000e3a80000,0x00000000e3a80000,0x00000000e6a80000)
 ParOldGen       total 154112K, used 93597K [0x0000000081400000, 0x000000008aa80000, 0x00000000d5c00000)
  object space 154112K, 60% used [0x0000000081400000,0x0000000086f67718,0x000000008aa80000)
 Metaspace       used 27720K, capacity 27979K, committed 28416K, reserved 1075200K
  class space    used 3422K, capacity 3504K, committed 3584K, reserved 1048576K
GC Heap History (10 events):
Event: 11.171 GC heap before
{Heap before GC invocations=15 (full 2):
 PSYoungGen      total 157184K, used 153148K [0x00000000d5c00000, 0x00000000dfe80000, 0x0000000100000000)
  eden space 147968K, 100% used [0x00000000d5c00000,0x00000000dec80000,0x00000000dec80000)
  from space 9216K, 56% used [0x00000000df500000,0x00000000dfa0f3b0,0x00000000dfe00000)
  to   space 8704K, 0% used [0x00000000dec80000,0x00000000dec80000,0x00000000df500000)
 ParOldGen       total 81408K, used 27905K [0x0000000081400000, 0x0000000086380000, 0x00000000d5c00000)
  object space 81408K, 34% used [0x0000000081400000,0x0000000082f405f8,0x0000000086380000)
 Metaspace       used 24821K, capacity 24999K, committed 25472K, reserved 1071104K
  class space    used 3057K, capacity 3112K, committed 3200K, reserved 1048576K
Event: 11.200 GC heap after
Heap after GC invocations=15 (full 2):
 PSYoungGen      total 156672K, used 8677K [0x00000000d5c00000, 0x00000000e3d00000, 0x0000000100000000)
  eden space 147968K, 0% used [0x00000000d5c00000,0x00000000d5c00000,0x00000000dec80000)
  from space 8704K, 99% used [0x00000000dec80000,0x00000000df4f9568,0x00000000df500000)
  to   space 16896K, 0% used [0x00000000e2c80000,0x00000000e2c80000,0x00000000e3d00000)
 ParOldGen       total 81408K, used 47452K [0x0000000081400000, 0x0000000086380000, 0x00000000d5c00000)
  object space 81408K, 58% used [0x0000000081400000,0x0000000084257170,0x0000000086380000)
 Metaspace       used 24821K, capacity 24999K, committed 25472K, reserved 1071104K
  class space    used 3057K, capacity 3112K, committed 3200K, reserved 1048576K
}
Event: 12.918 GC heap before
{Heap before GC invocations=16 (full 2):
 PSYoungGen      total 156672K, used 156645K [0x00000000d5c00000, 0x00000000e3d00000, 0x0000000100000000)
  eden space 147968K, 100% used [0x00000000d5c00000,0x00000000dec80000,0x00000000dec80000)
  from space 8704K, 99% used [0x00000000dec80000,0x00000000df4f9568,0x00000000df500000)
  to   space 16896K, 0% used [0x00000000e2c80000,0x00000000e2c80000,0x00000000e3d00000)
 ParOldGen       total 81408K, used 47452K [0x0000000081400000, 0x0000000086380000, 0x00000000d5c00000)
  object space 81408K, 58% used [0x0000000081400000,0x0000000084257170,0x0000000086380000)
 Metaspace       used 24860K, capacity 24999K, committed 25472K, reserved 1071104K
  class space    used 3057K, capacity 3112K, committed 3200K, reserved 1048576K
Event: 12.937 GC heap after
Heap after GC invocations=16 (full 2):
 PSYoungGen      total 203264K, used 16881K [0x00000000d5c00000, 0x00000000e4e80000, 0x0000000100000000)
  eden space 186368K, 0% used [0x00000000d5c00000,0x00000000d5c00000,0x00000000e1200000)
  from space 16896K, 99% used [0x00000000e2c80000,0x00000000e3cfc6a0,0x00000000e3d00000)
  to   space 27136K, 0% used [0x00000000e1200000,0x00000000e1200000,0x00000000e2c80000)
 ParOldGen       total 81408K, used 68916K [0x0000000081400000, 0x0000000086380000, 0x00000000d5c00000)
  object space 81408K, 84% used [0x0000000081400000,0x000000008574d128,0x0000000086380000)
 Metaspace       used 24860K, capacity 24999K, committed 25472K, reserved 1071104K
  class space    used 3057K, capacity 3112K, committed 3200K, reserved 1048576K
}
Event: 12.937 GC heap before
{Heap before GC invocations=17 (full 3):
 PSYoungGen      total 203264K, used 16881K [0x00000000d5c00000, 0x00000000e4e80000, 0x0000000100000000)
  eden space 186368K, 0% used [0x00000000d5c00000,0x00000000d5c00000,0x00000000e1200000)
  from space 16896K, 99% used [0x00000000e2c80000,0x00000000e3cfc6a0,0x00000000e3d00000)
  to   space 27136K, 0% used [0x00000000e1200000,0x00000000e1200000,0x00000000e2c80000)
 ParOldGen       total 81408K, used 68916K [0x0000000081400000, 0x0000000086380000, 0x00000000d5c00000)
  object space 81408K, 84% used [0x0000000081400000,0x000000008574d128,0x0000000086380000)
 Metaspace       used 24860K, capacity 24999K, committed 25472K, reserved 1071104K
  class space    used 3057K, capacity 3112K, committed 3200K, reserved 1048576K
Event: 13.064 GC heap after
Heap after GC invocations=17 (full 3):
 PSYoungGen      total 203264K, used 0K [0x00000000d5c00000, 0x00000000e4e80000, 0x0000000100000000)
  eden space 186368K, 0% used [0x00000000d5c00000,0x00000000d5c00000,0x00000000e1200000)
  from space 16896K, 0% used [0x00000000e2c80000,0x00000000e2c80000,0x00000000e3d00000)
  to   space 27136K, 0% used [0x00000000e1200000,0x00000000e1200000,0x00000000e2c80000)
 ParOldGen       total 154112K, used 64367K [0x0000000081400000, 0x000000008aa80000, 0x00000000d5c00000)
  object space 154112K, 41% used [0x0000000081400000,0x00000000852dbed8,0x000000008aa80000)
 Metaspace       used 24860K, capacity 24999K, committed 25472K, reserved 1071104K
  class space    used 3057K, capacity 3112K, committed 3200K, reserved 1048576K
}
Event: 14.707 GC heap before
{Heap before GC invocations=18 (full 3):
 PSYoungGen      total 203264K, used 186368K [0x00000000d5c00000, 0x00000000e4e80000, 0x0000000100000000)
  eden space 186368K, 100% used [0x00000000d5c00000,0x00000000e1200000,0x00000000e1200000)
  from space 16896K, 0% used [0x00000000e2c80000,0x00000000e2c80000,0x00000000e3d00000)
  to   space 27136K, 0% used [0x00000000e1200000,0x00000000e1200000,0x00000000e2c80000)
 ParOldGen       total 154112K, used 64367K [0x0000000081400000, 0x000000008aa80000, 0x00000000d5c00000)
  object space 154112K, 41% used [0x0000000081400000,0x00000000852dbed8,0x000000008aa80000)
 Metaspace       used 24865K, capacity 25063K, committed 25472K, reserved 1071104K
  class space    used 3057K, capacity 3112K, committed 3200K, reserved 1048576K
Event: 14.736 GC heap after
Heap after GC invocations=18 (full 3):
 PSYoungGen      total 213504K, used 27119K [0x00000000d5c00000, 0x00000000e8f00000, 0x0000000100000000)
  eden space 186368K, 0% used [0x00000000d5c00000,0x00000000d5c00000,0x00000000e1200000)
  from space 27136K, 99% used [0x00000000e1200000,0x00000000e2c7bef8,0x00000000e2c80000)
  to   space 37376K, 0% used [0x00000000e6a80000,0x00000000e6a80000,0x00000000e8f00000)
 ParOldGen       total 154112K, used 78964K [0x0000000081400000, 0x000000008aa80000, 0x00000000d5c00000)
  object space 154112K, 51% used [0x0000000081400000,0x000000008611d220,0x000000008aa80000)
 Metaspace       used 24865K, capacity 25063K, committed 25472K, reserved 1071104K
  class space    used 3057K, capacity 3112K, committed 3200K, reserved 1048576K
}
Event: 16.522 GC heap before
{Heap before GC invocations=19 (full 3):
 PSYoungGen      total 213504K, used 213487K [0x00000000d5c00000, 0x00000000e8f00000, 0x0000000100000000)
  eden space 186368K, 100% used [0x00000000d5c00000,0x00000000e1200000,0x00000000e1200000)
  from space 27136K, 99% used [0x00000000e1200000,0x00000000e2c7bef8,0x00000000e2c80000)
  to   space 37376K, 0% used [0x00000000e6a80000,0x00000000e6a80000,0x00000000e8f00000)
 ParOldGen       total 154112K, used 78964K [0x0000000081400000, 0x000000008aa80000, 0x00000000d5c00000)
  object space 154112K, 51% used [0x0000000081400000,0x000000008611d220,0x000000008aa80000)
 Metaspace       used 24900K, capacity 25127K, committed 25472K, reserved 1071104K
  class space    used 3057K, capacity 3112K, committed 3200K, reserved 1048576K
Event: 16.558 GC heap after
Heap after GC invocations=19 (full 3):
 PSYoungGen      total 265216K, used 37364K [0x00000000d5c00000, 0x00000000ea800000, 0x0000000100000000)
  eden space 227840K, 0% used [0x00000000d5c00000,0x00000000d5c00000,0x00000000e3a80000)
  from space 37376K, 99% used [0x00000000e6a80000,0x00000000e8efd2e8,0x00000000e8f00000)
  to   space 49152K, 0% used [0x00000000e3a80000,0x00000000e3a80000,0x00000000e6a80000)
 ParOldGen       total 154112K, used 93597K [0x0000000081400000, 0x000000008aa80000, 0x00000000d5c00000)
  object space 154112K, 60% used [0x0000000081400000,0x0000000086f67718,0x000000008aa80000)
 Metaspace       used 24900K, capacity 25127K, committed 25472K, reserved 1071104K
  class space    used 3057K, capacity 3112K, committed 3200K, reserved 1048576K
}

